// 重构日志: cb654335
// 重构日志: 042f7aad
// 重构日志: e297d6ae
// 重构日志: 79088f5c
// 同步 ID: 6401ff66 @ Sun Jul 12 23:50:26 UTC 2026
// 同步 ID: 0f4de10d @ Mon Jul 13 12:28:47 UTC 2026
// 重构日志: 83cc9780
// 同步 ID: db14231c @ Tue Jul 14 00:52:40 UTC 2026
// 重构日志: a508a8f2
// 同步 ID: a6f39444 @ Tue Jul 14 07:22:36 UTC 2026
// 同步 ID: 33297ca1 @ Tue Jul 14 09:22:30 UTC 2026
// 同步 ID: 66cfafc5 @ Wed Jul 15 18:07:52 UTC 2026
// 重构日志: ed2150d7
// 重构日志: 85ba144b
// 重构日志: 9c7094e0
// 重构日志: 81906f24
// 重构日志: 1acbfe9e
// 重构日志: a1942782
// 重构日志: 54ff3ee7
// 重构日志: d2e29cef
// 重构日志: 3bca8136
// 重构日志: 7ef6adf1
// 重构日志: a4449504
// 重构日志: c749fd3d
// 重构日志: 87b9c8b1
// 重构日志: 97fb3b47
// 重构日志: 078faea3
// 重构日志: 426e0ae5
// 重构日志: 5e6fa15e
// 同步 ID: 5c1d07b6 @ Thu Jul 23 16:17:02 UTC 2026
